<?xml version="1.0" encoding="UTF-8"?>
<!-- Generated by org.testng.reporters.JUnitXMLReporter -->
<testsuite ignored="0" hostname="Reshmi" failures="0" tests="3" name="Default test" time="5.356" errors="0" timestamp="2026-07-22T14:31:17 PDT">
  <testcase classname="testngsessions.AmazonTestClass" name="isHelpExistTest" time="2.271"/>
  <testcase classname="testngsessions.AmazonTestClass" name="searchExistTest" time="0.106"/>
  <testcase classname="testngsessions.AmazonTestClass" name="titleTest" time="0.017"/>
</testsuite> <!-- Default test -->
