<?xml version="1.0" encoding="UTF-8"?>
<testng-results ignored="0" total="3" passed="3" failed="0" skipped="0">
  <reporter-output>
  </reporter-output>
  <suite started-at="2026-07-22T14:31:12 PDT" name="Default suite" finished-at="2026-07-22T14:31:17 PDT" duration-ms="5356">
    <groups>
    </groups>
    <test started-at="2026-07-22T14:31:12 PDT" name="Default test" finished-at="2026-07-22T14:31:17 PDT" duration-ms="5356">
      <class name="testngsessions.AmazonTestClass">
        <test-method is-config="true" signature="setUp()[pri:0, instance:testngsessions.AmazonTestClass@74ea2410]" started-at="2026-07-22T14:31:12 PDT" name="setUp" finished-at="2026-07-22T14:31:14 PDT" duration-ms="2414" status="PASS">
          <reporter-output>
          </reporter-output>
        </test-method> <!-- setUp -->
        <test-method signature="isHelpExistTest()[pri:0, instance:testngsessions.AmazonTestClass@74ea2410]" started-at="2026-07-22T14:31:14 PDT" name="isHelpExistTest" finished-at="2026-07-22T14:31:16 PDT" duration-ms="2271" status="PASS">
          <reporter-output>
          </reporter-output>
        </test-method> <!-- isHelpExistTest -->
        <test-method signature="searchExistTest()[pri:0, instance:testngsessions.AmazonTestClass@74ea2410]" started-at="2026-07-22T14:31:17 PDT" name="searchExistTest" finished-at="2026-07-22T14:31:17 PDT" duration-ms="106" status="PASS">
          <reporter-output>
          </reporter-output>
        </test-method> <!-- searchExistTest -->
        <test-method signature="titleTest()[pri:0, instance:testngsessions.AmazonTestClass@74ea2410]" started-at="2026-07-22T14:31:17 PDT" name="titleTest" finished-at="2026-07-22T14:31:17 PDT" duration-ms="17" status="PASS">
          <reporter-output>
          </reporter-output>
        </test-method> <!-- titleTest -->
        <test-method is-config="true" signature="TearDown()[pri:0, instance:testngsessions.AmazonTestClass@74ea2410]" started-at="2026-07-22T14:31:17 PDT" name="TearDown" finished-at="2026-07-22T14:31:17 PDT" duration-ms="428" status="PASS">
          <reporter-output>
          </reporter-output>
        </test-method> <!-- TearDown -->
      </class> <!-- testngsessions.AmazonTestClass -->
    </test> <!-- Default test -->
  </suite> <!-- Default suite -->
</testng-results>
