<?xml version="1.0" encoding="UTF-8"?>
<!-- Generated by org.testng.reporters.JUnitReportReporter -->
<testsuite hostname="Reshmi" failures="0" tests="3" name="testngsessions.AmazonTestClass" time="2.394" errors="0" timestamp="2026-07-22T14:31:17 PDT" skipped="0">
  <testcase classname="testngsessions.AmazonTestClass" name="titleTest" time="0.017"/>
  <testcase classname="testngsessions.AmazonTestClass" name="searchExistTest" time="0.106"/>
  <testcase classname="testngsessions.AmazonTestClass" name="isHelpExistTest" time="2.271"/>
</testsuite> <!-- testngsessions.AmazonTestClass -->
