<?xml version="1.0" encoding="UTF-8"?>
<!-- Generated by org.testng.reporters.JUnitReportReporter -->
<testsuite hostname="Reshmi" failures="0" tests="3" name="testngsessions.HomePageTest" time="0.009" errors="0" timestamp="2026-07-21T20:12:21 PDT" skipped="0">
  <testcase classname="testngsessions.HomePageTest" name="homePageURLTest" time="0.002"/>
  <testcase classname="testngsessions.HomePageTest" name="homePageSearchTest" time="0.004"/>
  <testcase classname="testngsessions.HomePageTest" name="homePageTitleTest" time="0.003"/>
</testsuite> <!-- testngsessions.HomePageTest -->
